[PREINITIALIZATION][SERVER][INFO] Thank you to the Patreon supporters below and others who make CraftTweaker possible!
NerdyWhiteGuy
Genryu
Pongo Sapiens
NickT
Jordan Pineo
Hooley
DreamThorn
Peregrinus11
Jessie Sims
Jonathan McManus
Quaternary
Ncc1702
Spencer Gilbert
embeddedt
Zuniroa
Belathus
Jellycraft
Ivy_
Lucas
If you want to support the mod, checkout https://patreon.com/jaredlll08?s=crtmod

[PREINITIALIZATION][SERVER][INFO] Current loaders after merging: [[preinit]]
[PREINITIALIZATION][SERVER][INFO] Loading scripts for loader with names [preinit]
[PREINITIALIZATION][SERVER][INFO] Completed script loading in: 0ms
[PREINITIALIZATION][SERVER][INFO] Current loaders after merging: [[preinit], [contenttweaker]]
[PREINITIALIZATION][SERVER][INFO] Loading scripts for loader with names [contenttweaker]
[PREINITIALIZATION][SERVER][INFO] Completed script loading in: 0ms
[INITIALIZATION][SERVER][INFO] CraftTweaker: Building registry
[INITIALIZATION][SERVER][INFO] CraftTweaker: Successfully built item registry
[INITIALIZATION][SERVER][INFO] Current loaders after merging: [[preinit], [contenttweaker], [recipeevent | crafttweaker]]
[INITIALIZATION][SERVER][INFO] Loading scripts for loader with names [crafttweaker | recipeevent]
[INITIALIZATION][SERVER][INFO] Completed script loading in: 0ms
[POSTINITIALIZATION][SERVER][INFO] Removing recipes for various outputs
[SERVER_STARTING][SERVER][INFO] Found listener for LootTableLoadEvent at lowest priority: ASM: net.darkhax.lttweaker.LTTMod@36a213d6 onTablesLoad(Lnet/minecraftforge/event/LootTableLoadEvent;)V
[SERVER_STARTING][SERVER][INFO] Loot Table Tweaker listens to LootTableLoadEvent at lowest priority. Any loot added by Loot Table Tweaker cannot be edited by LootTweaker.
